╔══════════════════════════════════════╗
║   Revaliu B2B — Motor SEO Activo     ║
╚══════════════════════════════════════╝

[2026-07-13 13:15] Ciclo #1
  Corriendo blog pipeline...

=======================================================
  BLOG PIPELINE — 2026-07-13 13:15
=======================================================

[Feed] Banco de la República
  [RSS] Banco de la República: HTTP 404
  Nuevos: 0

[Feed] Superfinanciera
  [RSS] Superfinanciera: HTTP 500
  Nuevos: 0

[Feed] Portafolio
  [RSS] Portafolio: 10 items
  Nuevos: 10
  Generando artículo: Inflación en EE. UU. e inicio de la temporada de resultados corporativ...
  [Blog] ✅ Publicado: /blog/inflacion-usa-y-tasas-fed-impacto-en-empresas-colombianas/
  Generando artículo: Supersalud ordena plan de choque inmediato a cuatro EPS por demoras cr...
  [Blog] ✅ Publicado: /blog/eps-colombia-impacto-financiero-y-riesgos-para-empresas/
  [Blog Hub] Regenerado con 5 artículos
  [Sitemap] Regenerado con 12 URLs

  Blog pipeline completo: 2 artículos publicados
  Durmiendo 24h · próximo: 14/07 13:16
